<?xml version="1.0" encoding="UTF-8"?>
<!-- Generated by org.testng.reporters.JUnitReportReporter -->
<testsuite hostname="DESKTOP-URHT7FC" failures="0" tests="1" name="testcases.TC_001_LoginFunc" time="11.941" errors="0" timestamp="2020-04-12T22:10:11 IST" skipped="0">
  <testcase classname="testcases.TC_001_LoginFunc" name="testcase" time="11.941"/>
  <system-out>
Admin value entered in editbox admin123 value entered in editbox Clicked on By.cssSelector: input[id='btnLogin']  </system-out>
</testsuite> <!-- testcases.TC_001_LoginFunc -->
