<?xml version="1.0" encoding="UTF-8"?>
<!-- Generated by org.testng.reporters.JUnitReportReporter -->
<testsuite hostname="DESKTOP-URHT7FC" failures="0" tests="1" name="testcases.TC_004_SampleFunc" time="17.505" errors="0" timestamp="2020-05-01T21:07:46 IST" skipped="0">
  <testcase classname="testcases.TC_004_SampleFunc" name="testcase" time="17.505"/>
  <system-out>
Clicked on By.cssSelector: input[id='btnLogin']  </system-out>
</testsuite> <!-- testcases.TC_004_SampleFunc -->
