<?xml version="1.0" encoding="UTF-8"?>
<!-- Generated by org.testng.reporters.JUnitReportReporter -->
<testsuite hostname="DESKTOP-URHT7FC" failures="0" tests="1" name="testcases.TC_003_SampleFunc" time="15.507" errors="0" timestamp="2020-05-01T21:16:55 IST" skipped="0">
  <testcase classname="testcases.TC_003_SampleFunc" name="testcase" time="15.507"/>
  <system-out>
Clicked on By.cssSelector: input[id='btnLogin']  </system-out>
</testsuite> <!-- testcases.TC_003_SampleFunc -->
